<?xml version="1.0" encoding="UTF-8"?>
<testsuite xmlns:xsi="http://www.w3.org/2001/XMLSchema-instance" xsi:noNamespaceSchemaLocation="https://maven.apache.org/surefire/maven-surefire-plugin/xsd/surefire-test-report-3.0.xsd" version="3.0" name="ulpgc.bigd.indexing_service.ServiceTests" time="0.079" tests="2" errors="0" skipped="0" failures="0">
  <properties>
    <property name="java.specification.version" value="25"/>
    <property name="sun.jnu.encoding" value="UTF-8"/>
    <property name="java.class.path" value="/Users/rafasuarzz/IdeaProjects/stage_2/indexing-service/target/test-classes:/Users/rafasuarzz/IdeaProjects/stage_2/indexing-service/target/classes:/Users/rafasuarzz/.m2/repository/io/javalin/javalin/6.1.3/javalin-6.1.3.jar:/Users/rafasuarzz/.m2/repository/org/slf4j/slf4j-api/2.0.12/slf4j-api-2.0.12.jar:/Users/rafasuarzz/.m2/repository/org/eclipse/jetty/jetty-server/11.0.20/jetty-server-11.0.20.jar:/Users/rafasuarzz/.m2/repository/org/eclipse/jetty/jetty-http/11.0.20/jetty-http-11.0.20.jar:/Users/rafasuarzz/.m2/repository/org/eclipse/jetty/jetty-util/11.0.20/jetty-util-11.0.20.jar:/Users/rafasuarzz/.m2/repository/org/eclipse/jetty/jetty-io/11.0.20/jetty-io-11.0.20.jar:/Users/rafasuarzz/.m2/repository/org/eclipse/jetty/toolchain/jetty-jakarta-servlet-api/5.0.2/jetty-jakarta-servlet-api-5.0.2.jar:/Users/rafasuarzz/.m2/repository/org/eclipse/jetty/websocket/websocket-jetty-server/11.0.20/websocket-jetty-server-11.0.20.jar:/Users/rafasuarzz/.m2/repository/org/eclipse/jetty/jetty-servlet/11.0.20/jetty-servlet-11.0.20.jar:/Users/rafasuarzz/.m2/repository/org/eclipse/jetty/jetty-security/11.0.20/jetty-security-11.0.20.jar:/Users/rafasuarzz/.m2/repository/org/eclipse/jetty/jetty-webapp/11.0.20/jetty-webapp-11.0.20.jar:/Users/rafasuarzz/.m2/repository/org/eclipse/jetty/jetty-xml/11.0.20/jetty-xml-11.0.20.jar:/Users/rafasuarzz/.m2/repository/org/eclipse/jetty/websocket/websocket-jetty-api/11.0.20/websocket-jetty-api-11.0.20.jar:/Users/rafasuarzz/.m2/repository/org/eclipse/jetty/websocket/websocket-jetty-common/11.0.20/websocket-jetty-common-11.0.20.jar:/Users/rafasuarzz/.m2/repository/org/eclipse/jetty/websocket/websocket-core-common/11.0.20/websocket-core-common-11.0.20.jar:/Users/rafasuarzz/.m2/repository/org/eclipse/jetty/websocket/websocket-servlet/11.0.20/websocket-servlet-11.0.20.jar:/Users/rafasuarzz/.m2/repository/org/eclipse/jetty/websocket/websocket-core-server/11.0.20/websocket-core-server-11.0.20.jar:/Users/rafasuarzz/.m2/repository/org/jetbrains/kotlin/kotlin-stdlib-jdk8/1.9.22/kotlin-stdlib-jdk8-1.9.22.jar:/Users/rafasuarzz/.m2/repository/org/jetbrains/kotlin/kotlin-stdlib/1.9.22/kotlin-stdlib-1.9.22.jar:/Users/rafasuarzz/.m2/repository/org/jetbrains/annotations/13.0/annotations-13.0.jar:/Users/rafasuarzz/.m2/repository/org/jetbrains/kotlin/kotlin-stdlib-jdk7/1.9.22/kotlin-stdlib-jdk7-1.9.22.jar:/Users/rafasuarzz/.m2/repository/com/google/code/gson/gson/2.11.0/gson-2.11.0.jar:/Users/rafasuarzz/.m2/repository/com/google/errorprone/error_prone_annotations/2.27.0/error_prone_annotations-2.27.0.jar:/Users/rafasuarzz/.m2/repository/org/slf4j/slf4j-simple/2.0.9/slf4j-simple-2.0.9.jar:/Users/rafasuarzz/.m2/repository/org/junit/jupiter/junit-jupiter/5.10.0/junit-jupiter-5.10.0.jar:/Users/rafasuarzz/.m2/repository/org/junit/jupiter/junit-jupiter-api/5.10.0/junit-jupiter-api-5.10.0.jar:/Users/rafasuarzz/.m2/repository/org/opentest4j/opentest4j/1.3.0/opentest4j-1.3.0.jar:/Users/rafasuarzz/.m2/repository/org/junit/platform/junit-platform-commons/1.10.0/junit-platform-commons-1.10.0.jar:/Users/rafasuarzz/.m2/repository/org/apiguardian/apiguardian-api/1.1.2/apiguardian-api-1.1.2.jar:/Users/rafasuarzz/.m2/repository/org/junit/jupiter/junit-jupiter-params/5.10.0/junit-jupiter-params-5.10.0.jar:/Users/rafasuarzz/.m2/repository/org/junit/jupiter/junit-jupiter-engine/5.10.0/junit-jupiter-engine-5.10.0.jar:/Users/rafasuarzz/.m2/repository/org/junit/platform/junit-platform-engine/1.10.0/junit-platform-engine-1.10.0.jar:"/>
    <property name="java.vm.vendor" value="Homebrew"/>
    <property name="sun.arch.data.model" value="64"/>
    <property name="java.vendor.url" value="https://github.com/Homebrew/homebrew-core/issues"/>
    <property name="os.name" value="Mac OS X"/>
    <property name="java.vm.specification.version" value="25"/>
    <property name="sun.java.launcher" value="SUN_STANDARD"/>
    <property name="user.country" value="ES"/>
    <property name="sun.boot.library.path" value="/usr/local/Cellar/openjdk/25.0.1/libexec/openjdk.jdk/Contents/Home/lib"/>
    <property name="sun.java.command" value="/Users/rafasuarzz/IdeaProjects/stage_2/indexing-service/target/surefire/surefirebooter-20251028134705522_6.jar /Users/rafasuarzz/IdeaProjects/stage_2/indexing-service/target/surefire 2025-10-28T13-47-01_727-jvmRun1 surefire-20251028134705522_4tmp surefire_1-20251028134705522_5tmp"/>
    <property name="jdk.debug" value="release"/>
    <property name="surefire.test.class.path" value="/Users/rafasuarzz/IdeaProjects/stage_2/indexing-service/target/test-classes:/Users/rafasuarzz/IdeaProjects/stage_2/indexing-service/target/classes:/Users/rafasuarzz/.m2/repository/io/javalin/javalin/6.1.3/javalin-6.1.3.jar:/Users/rafasuarzz/.m2/repository/org/slf4j/slf4j-api/2.0.12/slf4j-api-2.0.12.jar:/Users/rafasuarzz/.m2/repository/org/eclipse/jetty/jetty-server/11.0.20/jetty-server-11.0.20.jar:/Users/rafasuarzz/.m2/repository/org/eclipse/jetty/jetty-http/11.0.20/jetty-http-11.0.20.jar:/Users/rafasuarzz/.m2/repository/org/eclipse/jetty/jetty-util/11.0.20/jetty-util-11.0.20.jar:/Users/rafasuarzz/.m2/repository/org/eclipse/jetty/jetty-io/11.0.20/jetty-io-11.0.20.jar:/Users/rafasuarzz/.m2/repository/org/eclipse/jetty/toolchain/jetty-jakarta-servlet-api/5.0.2/jetty-jakarta-servlet-api-5.0.2.jar:/Users/rafasuarzz/.m2/repository/org/eclipse/jetty/websocket/websocket-jetty-server/11.0.20/websocket-jetty-server-11.0.20.jar:/Users/rafasuarzz/.m2/repository/org/eclipse/jetty/jetty-servlet/11.0.20/jetty-servlet-11.0.20.jar:/Users/rafasuarzz/.m2/repository/org/eclipse/jetty/jetty-security/11.0.20/jetty-security-11.0.20.jar:/Users/rafasuarzz/.m2/repository/org/eclipse/jetty/jetty-webapp/11.0.20/jetty-webapp-11.0.20.jar:/Users/rafasuarzz/.m2/repository/org/eclipse/jetty/jetty-xml/11.0.20/jetty-xml-11.0.20.jar:/Users/rafasuarzz/.m2/repository/org/eclipse/jetty/websocket/websocket-jetty-api/11.0.20/websocket-jetty-api-11.0.20.jar:/Users/rafasuarzz/.m2/repository/org/eclipse/jetty/websocket/websocket-jetty-common/11.0.20/websocket-jetty-common-11.0.20.jar:/Users/rafasuarzz/.m2/repository/org/eclipse/jetty/websocket/websocket-core-common/11.0.20/websocket-core-common-11.0.20.jar:/Users/rafasuarzz/.m2/repository/org/eclipse/jetty/websocket/websocket-servlet/11.0.20/websocket-servlet-11.0.20.jar:/Users/rafasuarzz/.m2/repository/org/eclipse/jetty/websocket/websocket-core-server/11.0.20/websocket-core-server-11.0.20.jar:/Users/rafasuarzz/.m2/repository/org/jetbrains/kotlin/kotlin-stdlib-jdk8/1.9.22/kotlin-stdlib-jdk8-1.9.22.jar:/Users/rafasuarzz/.m2/repository/org/jetbrains/kotlin/kotlin-stdlib/1.9.22/kotlin-stdlib-1.9.22.jar:/Users/rafasuarzz/.m2/repository/org/jetbrains/annotations/13.0/annotations-13.0.jar:/Users/rafasuarzz/.m2/repository/org/jetbrains/kotlin/kotlin-stdlib-jdk7/1.9.22/kotlin-stdlib-jdk7-1.9.22.jar:/Users/rafasuarzz/.m2/repository/com/google/code/gson/gson/2.11.0/gson-2.11.0.jar:/Users/rafasuarzz/.m2/repository/com/google/errorprone/error_prone_annotations/2.27.0/error_prone_annotations-2.27.0.jar:/Users/rafasuarzz/.m2/repository/org/slf4j/slf4j-simple/2.0.9/slf4j-simple-2.0.9.jar:/Users/rafasuarzz/.m2/repository/org/junit/jupiter/junit-jupiter/5.10.0/junit-jupiter-5.10.0.jar:/Users/rafasuarzz/.m2/repository/org/junit/jupiter/junit-jupiter-api/5.10.0/junit-jupiter-api-5.10.0.jar:/Users/rafasuarzz/.m2/repository/org/opentest4j/opentest4j/1.3.0/opentest4j-1.3.0.jar:/Users/rafasuarzz/.m2/repository/org/junit/platform/junit-platform-commons/1.10.0/junit-platform-commons-1.10.0.jar:/Users/rafasuarzz/.m2/repository/org/apiguardian/apiguardian-api/1.1.2/apiguardian-api-1.1.2.jar:/Users/rafasuarzz/.m2/repository/org/junit/jupiter/junit-jupiter-params/5.10.0/junit-jupiter-params-5.10.0.jar:/Users/rafasuarzz/.m2/repository/org/junit/jupiter/junit-jupiter-engine/5.10.0/junit-jupiter-engine-5.10.0.jar:/Users/rafasuarzz/.m2/repository/org/junit/platform/junit-platform-engine/1.10.0/junit-platform-engine-1.10.0.jar:"/>
    <property name="sun.cpu.endian" value="little"/>
    <property name="user.home" value="/Users/rafasuarzz"/>
    <property name="user.language" value="es"/>
    <property name="java.specification.vendor" value="Oracle Corporation"/>
    <property name="java.version.date" value="2025-10-21"/>
    <property name="java.home" value="/usr/local/Cellar/openjdk/25.0.1/libexec/openjdk.jdk/Contents/Home"/>
    <property name="file.separator" value="/"/>
    <property name="basedir" value="/Users/rafasuarzz/IdeaProjects/stage_2/indexing-service"/>
    <property name="java.vm.compressedOopsMode" value="Zero based"/>
    <property name="line.separator" value="&#10;"/>
    <property name="java.specification.name" value="Java Platform API Specification"/>
    <property name="java.vm.specification.vendor" value="Oracle Corporation"/>
    <property name="apple.awt.application.name" value="ForkedBooter"/>
    <property name="surefire.real.class.path" value="/Users/rafasuarzz/IdeaProjects/stage_2/indexing-service/target/surefire/surefirebooter-20251028134705522_6.jar"/>
    <property name="sun.management.compiler" value="HotSpot 64-Bit Tiered Compilers"/>
    <property name="java.runtime.version" value="25.0.1"/>
    <property name="user.name" value="rafasuarzz"/>
    <property name="stdout.encoding" value="UTF-8"/>
    <property name="path.separator" value=":"/>
    <property name="os.version" value="14.6.1"/>
    <property name="java.runtime.name" value="OpenJDK Runtime Environment"/>
    <property name="file.encoding" value="UTF-8"/>
    <property name="java.vm.name" value="OpenJDK 64-Bit Server VM"/>
    <property name="java.vendor.version" value="Homebrew"/>
    <property name="localRepository" value="/Users/rafasuarzz/.m2/repository"/>
    <property name="java.vendor.url.bug" value="https://github.com/Homebrew/homebrew-core/issues"/>
    <property name="java.io.tmpdir" value="/var/folders/k4/y9lpwhq55lj89mfngv1lzr8c0000gn/T/"/>
    <property name="java.version" value="25.0.1"/>
    <property name="user.dir" value="/Users/rafasuarzz/IdeaProjects/stage_2/indexing-service"/>
    <property name="os.arch" value="x86_64"/>
    <property name="java.vm.specification.name" value="Java Virtual Machine Specification"/>
    <property name="native.encoding" value="UTF-8"/>
    <property name="java.library.path" value="/Users/rafasuarzz/Library/Java/Extensions:/Library/Java/Extensions:/Network/Library/Java/Extensions:/System/Library/Java/Extensions:/usr/lib/java:."/>
    <property name="java.vm.info" value="mixed mode, sharing"/>
    <property name="stderr.encoding" value="UTF-8"/>
    <property name="java.vendor" value="Homebrew"/>
    <property name="java.vm.version" value="25.0.1"/>
    <property name="stdin.encoding" value="UTF-8"/>
    <property name="sun.io.unicode.encoding" value="UnicodeBig"/>
    <property name="java.class.version" value="69.0"/>
  </properties>
  <testcase name="tokenizerShouldSplitWords" classname="ulpgc.bigd.indexing_service.ServiceTests" time="0.037"/>
  <testcase name="metadataExtractorShouldFindAuthor" classname="ulpgc.bigd.indexing_service.ServiceTests" time="0.008"/>
</testsuite>